[2026-05-10T07:16:45.109Z] ERROR [LOGIC_ERROR] Injected logic error into user-service/src/helpers.ts
[2026-05-10T07:17:09.056Z] ERROR [MISSING_DEPENDENCY] Removed dependency 'express' from user-service/package.json
[2026-05-10T07:17:10.597Z] ERROR [LOGIC_ERROR] Injected logic error into user-service/src/helpers.ts
[2026-05-10T07:17:14.982Z] ERROR [CORRUPT_CONFIG] Corrupted config.json in user-service
[2026-05-10T12:33:18.816Z] ERROR [CORRUPT_CONFIG] Corrupted config.json in user-service
[2026-05-10T13:00:09.417Z] ERROR [MISSING_DEPENDENCY] Removed dependency 'express' from user-service/package.json
[2026-05-11T09:45:04.340Z] ERROR [CORRUPT_CONFIG] Corrupted config.json in user-service
[2026-05-11T09:45:33.280Z] ERROR [LOGIC_ERROR] Injected logic error into user-service/src/helpers.ts
[2026-05-11T09:45:48.911Z] ERROR [TYPE_MISMATCH] Injected type mismatch (port as string) into user-service/src/index.ts
[2026-05-11T09:45:54.458Z] ERROR [MISSING_DEPENDENCY] Removed dependency 'express' from user-service/package.json
[2026-05-11T10:25:32.528Z] ERROR [TYPE_MISMATCH] Injected type mismatch (port as string) into user-service/src/index.ts
[2026-05-11T12:19:14.403Z] ERROR [SYNTAX_ERROR] Injected syntax error into user-service/src/index.ts
[2026-05-11T12:35:30.071Z] ERROR [CORRUPT_CONFIG] Corrupted config.json in user-service
[2026-05-11T17:16:44.826Z] ERROR [CORRUPT_CONFIG] Corrupted config.json in user-service
[2026-05-15T04:47:34.909Z] ERROR [LOGIC_ERROR] Injected logic error into user-service/src/helpers.ts
[2026-05-15T10:01:12.447Z] ERROR [TYPE_MISMATCH] Injected type mismatch (port as string) into user-service/src/index.ts
[2026-05-15T10:03:34.190Z] ERROR [TYPE_MISMATCH] Injected type mismatch (port as string) into user-service/src/index.ts
[2026-05-15T10:03:44.835Z] ERROR [MISSING_DEPENDENCY] Removed dependency 'express' from user-service/package.json
[2026-05-15T10:03:52.011Z] ERROR [MISSING_DEPENDENCY] Simulated MISSING_DEPENDENCY in user-service
[2026-05-15T10:03:57.022Z] ERROR [LOGIC_ERROR] Injected logic error into user-service/src/helpers.ts
